<?xml version="1.0" encoding="UTF-8"?>
<coverage generated="1561526676318" clover="3.2.0">
  <project timestamp="1561526676318" name="All files">
    <metrics statements="22" coveredstatements="10" conditionals="11" coveredconditionals="1" methods="4" coveredmethods="1" elements="37" coveredelements="12" complexity="0" loc="22" ncloc="22" packages="1" files="1" classes="1"/>
    <file name="arithmetic.js" path="/mnt/c/Users/the_o/codefellows/401/lab-01/lib/arithmetic.js">
      <metrics statements="22" coveredstatements="10" conditionals="11" coveredconditionals="1" methods="4" coveredmethods="1"/>
      <line num="3" count="1" type="stmt"/>
      <line num="5" count="1" type="stmt"/>
      <line num="6" count="1" type="stmt"/>
      <line num="7" count="1" type="stmt"/>
      <line num="8" count="1" type="cond" truecount="1" falsecount="1"/>
      <line num="9" count="1" type="stmt"/>
      <line num="11" count="1" type="stmt"/>
      <line num="15" count="1" type="stmt"/>
      <line num="16" count="0" type="stmt"/>
      <line num="17" count="0" type="stmt"/>
      <line num="18" count="0" type="cond" truecount="0" falsecount="2"/>
      <line num="19" count="0" type="stmt"/>
      <line num="21" count="0" type="stmt"/>
      <line num="25" count="1" type="stmt"/>
      <line num="26" count="0" type="stmt"/>
      <line num="27" count="0" type="stmt"/>
      <line num="28" count="0" type="cond" truecount="0" falsecount="2"/>
      <line num="29" count="0" type="stmt"/>
      <line num="31" count="0" type="stmt"/>
      <line num="35" count="1" type="stmt"/>
      <line num="36" count="0" type="cond" truecount="0" falsecount="5"/>
      <line num="37" count="0" type="stmt"/>
    </file>
  </project>
</coverage>
