{"/mnt/c/Users/the_o/codefellows/401/lab-01/lib/arithmetic.js": {"path":"/mnt/c/Users/the_o/codefellows/401/lab-01/lib/arithmetic.js","statementMap":{"0":{"start":{"line":3,"column":17},"end":{"line":3,"column":36}},"1":{"start":{"line":5,"column":0},"end":{"line":12,"column":2}},"2":{"start":{"line":6,"column":15},"end":{"line":6,"column":16}},"3":{"start":{"line":7,"column":2},"end":{"line":10,"column":3}},"4":{"start":{"line":7,"column":14},"end":{"line":7,"column":15}},"5":{"start":{"line":8,"column":4},"end":{"line":8,"column":59}},"6":{"start":{"line":8,"column":45},"end":{"line":8,"column":57}},"7":{"start":{"line":9,"column":4},"end":{"line":9,"column":43}},"8":{"start":{"line":11,"column":2},"end":{"line":11,"column":16}},"9":{"start":{"line":15,"column":0},"end":{"line":22,"column":2}},"10":{"start":{"line":16,"column":15},"end":{"line":16,"column":16}},"11":{"start":{"line":17,"column":2},"end":{"line":20,"column":3}},"12":{"start":{"line":17,"column":14},"end":{"line":17,"column":15}},"13":{"start":{"line":18,"column":4},"end":{"line":18,"column":59}},"14":{"start":{"line":18,"column":45},"end":{"line":18,"column":57}},"15":{"start":{"line":19,"column":4},"end":{"line":19,"column":43}},"16":{"start":{"line":21,"column":2},"end":{"line":21,"column":16}},"17":{"start":{"line":25,"column":0},"end":{"line":32,"column":2}},"18":{"start":{"line":26,"column":15},"end":{"line":26,"column":16}},"19":{"start":{"line":27,"column":2},"end":{"line":30,"column":3}},"20":{"start":{"line":27,"column":14},"end":{"line":27,"column":15}},"21":{"start":{"line":28,"column":4},"end":{"line":28,"column":59}},"22":{"start":{"line":28,"column":45},"end":{"line":28,"column":57}},"23":{"start":{"line":29,"column":4},"end":{"line":29,"column":43}},"24":{"start":{"line":31,"column":2},"end":{"line":31,"column":16}},"25":{"start":{"line":35,"column":0},"end":{"line":38,"column":2}},"26":{"start":{"line":36,"column":2},"end":{"line":36,"column":78}},"27":{"start":{"line":36,"column":65},"end":{"line":36,"column":77}},"28":{"start":{"line":37,"column":2},"end":{"line":37,"column":13}}},"fnMap":{"0":{"name":"(anonymous_0)","decl":{"start":{"line":5,"column":17},"end":{"line":5,"column":18}},"loc":{"start":{"line":5,"column":28},"end":{"line":12,"column":1}},"line":5},"1":{"name":"(anonymous_1)","decl":{"start":{"line":15,"column":22},"end":{"line":15,"column":23}},"loc":{"start":{"line":15,"column":34},"end":{"line":22,"column":1}},"line":15},"2":{"name":"(anonymous_2)","decl":{"start":{"line":25,"column":22},"end":{"line":25,"column":23}},"loc":{"start":{"line":25,"column":37},"end":{"line":32,"column":1}},"line":25},"3":{"name":"(anonymous_3)","decl":{"start":{"line":35,"column":20},"end":{"line":35,"column":21}},"loc":{"start":{"line":35,"column":35},"end":{"line":38,"column":1}},"line":35}},"branchMap":{"0":{"loc":{"start":{"line":8,"column":4},"end":{"line":8,"column":59}},"type":"if","locations":[{"start":{"line":8,"column":4},"end":{"line":8,"column":59}},{"start":{"line":8,"column":4},"end":{"line":8,"column":59}}],"line":8},"1":{"loc":{"start":{"line":18,"column":4},"end":{"line":18,"column":59}},"type":"if","locations":[{"start":{"line":18,"column":4},"end":{"line":18,"column":59}},{"start":{"line":18,"column":4},"end":{"line":18,"column":59}}],"line":18},"2":{"loc":{"start":{"line":28,"column":4},"end":{"line":28,"column":59}},"type":"if","locations":[{"start":{"line":28,"column":4},"end":{"line":28,"column":59}},{"start":{"line":28,"column":4},"end":{"line":28,"column":59}}],"line":28},"3":{"loc":{"start":{"line":36,"column":2},"end":{"line":36,"column":78}},"type":"if","locations":[{"start":{"line":36,"column":2},"end":{"line":36,"column":78}},{"start":{"line":36,"column":2},"end":{"line":36,"column":78}}],"line":36},"4":{"loc":{"start":{"line":36,"column":6},"end":{"line":36,"column":63}},"type":"binary-expr","locations":[{"start":{"line":36,"column":6},"end":{"line":36,"column":27}},{"start":{"line":36,"column":31},"end":{"line":36,"column":52}},{"start":{"line":36,"column":56},"end":{"line":36,"column":63}}],"line":36}},"s":{"0":1,"1":1,"2":1,"3":1,"4":1,"5":1,"6":0,"7":1,"8":1,"9":1,"10":0,"11":0,"12":0,"13":0,"14":0,"15":0,"16":0,"17":1,"18":0,"19":0,"20":0,"21":0,"22":0,"23":0,"24":0,"25":1,"26":0,"27":0,"28":0},"f":{"0":1,"1":0,"2":0,"3":0},"b":{"0":[0,1],"1":[0,0],"2":[0,0],"3":[0,0],"4":[0,0,0]},"_coverageSchema":"43e27e138ebf9cfc5966b082cf9a028302ed4184","hash":"09e355fe5cf60f5b7580182986f3617feece003e"}
}
