TN:
SF:/mnt/c/Users/the_o/codefellows/401/lab-01/lib/arithmetic.js
FN:5,(anonymous_0)
FN:15,(anonymous_1)
FN:25,(anonymous_2)
FN:35,(anonymous_3)
FNF:4
FNH:1
FNDA:1,(anonymous_0)
FNDA:0,(anonymous_1)
FNDA:0,(anonymous_2)
FNDA:0,(anonymous_3)
DA:3,1
DA:5,1
DA:6,1
DA:7,1
DA:8,1
DA:9,1
DA:11,1
DA:15,1
DA:16,0
DA:17,0
DA:18,0
DA:19,0
DA:21,0
DA:25,1
DA:26,0
DA:27,0
DA:28,0
DA:29,0
DA:31,0
DA:35,1
DA:36,0
DA:37,0
LF:22
LH:10
BRDA:8,0,0,0
BRDA:8,0,1,1
BRDA:18,1,0,0
BRDA:18,1,1,0
BRDA:28,2,0,0
BRDA:28,2,1,0
BRDA:36,3,0,0
BRDA:36,3,1,0
BRDA:36,4,0,0
BRDA:36,4,1,0
BRDA:36,4,2,0
BRF:11
BRH:1
end_of_record
